{"name": "test_check_first_name_with_invalid_element", "status": "broken", "statusDetails": {"message": "selenium.common.exceptions.NoSuchElementException: Message: no such element: Unable to locate element: {\"method\":\"css selector\",\"selector\":\"[id=\"input-first-name\"]\"}\n  (Session info: chrome=127.0.6533.74); For documentation on this error, please visit: https://www.selenium.dev/documentation/webdriver/troubleshooting/errors#no-such-element-exception\nStacktrace:\n\tGetHandleVerifier [0x00007FF63E709632+30946]\n\t(No symbol) [0x00007FF63E6BE3C9]\n\t(No symbol) [0x00007FF63E5B6FDA]\n\t(No symbol) [0x00007FF63E60822C]\n\t(No symbol) [0x00007FF63E60850C]\n\t(No symbol) [0x00007FF63E64DCB7]\n\t(No symbol) [0x00007FF63E62CAAF]\n\t(No symbol) [0x00007FF63E64B041]\n\t(No symbol) [0x00007FF63E62C813]\n\t(No symbol) [0x00007FF63E5FA6E5]\n\t(No symbol) [0x00007FF63E5FB021]\n\tGetHandleVerifier [0x00007FF63E83F83D+1301229]\n\tGetHandleVerifier [0x00007FF63E84BDB7+1351783]\n\tGetHandleVerifier [0x00007FF63E842A03+1313971]\n\tGetHandleVerifier [0x00007FF63E73DD06+245686]\n\t(No symbol) [0x00007FF63E6C758F]\n\t(No symbol) [0x00007FF63E6C3804]\n\t(No symbol) [0x00007FF63E6C3992]\n\t(No symbol) [0x00007FF63E6BA3EF]\n\tBaseThreadInitThunk [0x00007FFFABD77374+20]\n\tRtlUserThreadStart [0x00007FFFADBDCC91+33]", "trace": "self = <pytest_practice.allure.test_register.TestRegister object at 0x0000026006A36CF0>\n\n    def test_check_first_name_with_invalid_element(self):\n        self.driver.find_element(By.LINK_TEXT, \"My Account\").click()\n        self.driver.find_element(By.XPATH, \"//a[.='Register']\").click()\n>       self.driver.find_element(By.ID, \"input-first-name\").send_keys(\"Bredlin\")  # incorrect element\n\ntest_register.py:17: \n_ _ _ _ _ _ _ _ _ _ _ _ _ _ _ _ _ _ _ _ _ _ _ _ _ _ _ _ _ _ _ _ _ _ _ _ _ _ _ _ _ _ _ _ _ _ _ _ _ _ _ _ _ _ _ _ _ _ _ _ _ _ _ _ _ _ _ _ _ _ _ _ _ _ _ _ _ _ _ _ _\n..\\..\\venv\\Lib\\site-packages\\selenium\\webdriver\\remote\\webdriver.py:748: in find_element\n    return self.execute(Command.FIND_ELEMENT, {\"using\": by, \"value\": value})[\"value\"]\n..\\..\\venv\\Lib\\site-packages\\selenium\\webdriver\\remote\\webdriver.py:354: in execute\n    self.error_handler.check_response(response)\n_ _ _ _ _ _ _ _ _ _ _ _ _ _ _ _ _ _ _ _ _ _ _ _ _ _ _ _ _ _ _ _ _ _ _ _ _ _ _ _ _ _ _ _ _ _ _ _ _ _ _ _ _ _ _ _ _ _ _ _ _ _ _ _ _ _ _ _ _ _ _ _ _ _ _ _ _ _ _ _ _\n\nself = <selenium.webdriver.remote.errorhandler.ErrorHandler object at 0x0000026006D0B140>\nresponse = {'status': 404, 'value': '{\"value\":{\"error\":\"no such element\",\"message\":\"no such element: Unable to locate element: {\\...07FF63E6BA3EF]\\\\n\\\\tBaseThreadInitThunk [0x00007FFFABD77374+20]\\\\n\\\\tRtlUserThreadStart [0x00007FFFADBDCC91+33]\\\\n\"}}'}\n\n    def check_response(self, response: Dict[str, Any]) -> None:\n        \"\"\"Checks that a JSON response from the WebDriver does not have an\n        error.\n    \n        :Args:\n         - response - The JSON response from the WebDriver server as a dictionary\n           object.\n    \n        :Raises: If the response contains an error message.\n        \"\"\"\n        status = response.get(\"status\", None)\n        if not status or status == ErrorCode.SUCCESS:\n            return\n        value = None\n        message = response.get(\"message\", \"\")\n        screen: str = response.get(\"screen\", \"\")\n        stacktrace = None\n        if isinstance(status, int):\n            value_json = response.get(\"value\", None)\n            if value_json and isinstance(value_json, str):\n                import json\n    \n                try:\n                    value = json.loads(value_json)\n                    if len(value) == 1:\n                        value = value[\"value\"]\n                    status = value.get(\"error\", None)\n                    if not status:\n                        status = value.get(\"status\", ErrorCode.UNKNOWN_ERROR)\n                        message = value.get(\"value\") or value.get(\"message\")\n                        if not isinstance(message, str):\n                            value = message\n                            message = message.get(\"message\")\n                    else:\n                        message = value.get(\"message\", None)\n                except ValueError:\n                    pass\n    \n        exception_class: Type[WebDriverException]\n        e = ErrorCode()\n        error_codes = [item for item in dir(e) if not item.startswith(\"__\")]\n        for error_code in error_codes:\n            error_info = getattr(ErrorCode, error_code)\n            if isinstance(error_info, list) and status in error_info:\n                exception_class = getattr(ExceptionMapping, error_code, WebDriverException)\n                break\n        else:\n            exception_class = WebDriverException\n    \n        if not value:\n            value = response[\"value\"]\n        if isinstance(value, str):\n            raise exception_class(value)\n        if message == \"\" and \"message\" in value:\n            message = value[\"message\"]\n    \n        screen = None  # type: ignore[assignment]\n        if \"screen\" in value:\n            screen = value[\"screen\"]\n    \n        stacktrace = None\n        st_value = value.get(\"stackTrace\") or value.get(\"stacktrace\")\n        if st_value:\n            if isinstance(st_value, str):\n                stacktrace = st_value.split(\"\\n\")\n            else:\n                stacktrace = []\n                try:\n                    for frame in st_value:\n                        line = frame.get(\"lineNumber\", \"\")\n                        file = frame.get(\"fileName\", \"<anonymous>\")\n                        if line:\n                            file = f\"{file}:{line}\"\n                        meth = frame.get(\"methodName\", \"<anonymous>\")\n                        if \"className\" in frame:\n                            meth = f\"{frame['className']}.{meth}\"\n                        msg = \"    at %s (%s)\"\n                        msg = msg % (meth, file)\n                        stacktrace.append(msg)\n                except TypeError:\n                    pass\n        if exception_class == UnexpectedAlertPresentException:\n            alert_text = None\n            if \"data\" in value:\n                alert_text = value[\"data\"].get(\"text\")\n            elif \"alert\" in value:\n                alert_text = value[\"alert\"].get(\"text\")\n            raise exception_class(message, screen, stacktrace, alert_text)  # type: ignore[call-arg]  # mypy is not smart enough here\n>       raise exception_class(message, screen, stacktrace)\nE       selenium.common.exceptions.NoSuchElementException: Message: no such element: Unable to locate element: {\"method\":\"css selector\",\"selector\":\"[id=\"input-first-name\"]\"}\nE         (Session info: chrome=127.0.6533.74); For documentation on this error, please visit: https://www.selenium.dev/documentation/webdriver/troubleshooting/errors#no-such-element-exception\nE       Stacktrace:\nE       \tGetHandleVerifier [0x00007FF63E709632+30946]\nE       \t(No symbol) [0x00007FF63E6BE3C9]\nE       \t(No symbol) [0x00007FF63E5B6FDA]\nE       \t(No symbol) [0x00007FF63E60822C]\nE       \t(No symbol) [0x00007FF63E60850C]\nE       \t(No symbol) [0x00007FF63E64DCB7]\nE       \t(No symbol) [0x00007FF63E62CAAF]\nE       \t(No symbol) [0x00007FF63E64B041]\nE       \t(No symbol) [0x00007FF63E62C813]\nE       \t(No symbol) [0x00007FF63E5FA6E5]\nE       \t(No symbol) [0x00007FF63E5FB021]\nE       \tGetHandleVerifier [0x00007FF63E83F83D+1301229]\nE       \tGetHandleVerifier [0x00007FF63E84BDB7+1351783]\nE       \tGetHandleVerifier [0x00007FF63E842A03+1313971]\nE       \tGetHandleVerifier [0x00007FF63E73DD06+245686]\nE       \t(No symbol) [0x00007FF63E6C758F]\nE       \t(No symbol) [0x00007FF63E6C3804]\nE       \t(No symbol) [0x00007FF63E6C3992]\nE       \t(No symbol) [0x00007FF63E6BA3EF]\nE       \tBaseThreadInitThunk [0x00007FFFABD77374+20]\nE       \tRtlUserThreadStart [0x00007FFFADBDCC91+33]\n\n..\\..\\venv\\Lib\\site-packages\\selenium\\webdriver\\remote\\errorhandler.py:229: NoSuchElementException"}, "start": 1722574615872, "stop": 1722574627279, "uuid": "f84d7444-301b-44b9-b7d1-bc5ed10cfa1e", "historyId": "2e4aab1aaee985a647843a30ce7f03a1", "testCaseId": "2e4aab1aaee985a647843a30ce7f03a1", "fullName": "pytest_practice.allure.test_register.TestRegister#test_check_first_name_with_invalid_element", "labels": [{"name": "severity", "value": "critical"}, {"name": "tag", "value": "@pytest.mark.usefixtures('setup_and_teardown', 'screenshot_on_failure')"}, {"name": "parentSuite", "value": "pytest_practice.allure"}, {"name": "suite", "value": "test_register"}, {"name": "subSuite", "value": "TestRegister"}, {"name": "host", "value": "DESKTOP-GA5D9PH"}, {"name": "thread", "value": "8272-MainThread"}, {"name": "framework", "value": "pytest"}, {"name": "language", "value": "cpython3"}, {"name": "package", "value": "pytest_practice.allure.test_register"}]}